<?xml version="1.0" encoding="UTF-8"?>
<!-- Generated by org.testng.reporters.JUnitReportReporter -->
<testsuite hostname="visshnupriya" failures="0" tests="1" name="com.selfhealing.tests.LoginTest" time="57.619" errors="0" timestamp="2025-09-04T15:19:47 IST" skipped="0">
  <testcase classname="com.selfhealing.tests.LoginTest" name="testLogin" time="57.619"/>
</testsuite> <!-- com.selfhealing.tests.LoginTest -->
